app/build/intermediates/manifest_merge_blame_file/debug/manifest-merger-blame-debug-report.txt
1<?xml version="1.0" encoding="utf-8"?>
2<manifest xmlns:android="http://schemas.android.com/apk/res/android"
3    package="com.example.dailyhappiness"
4    android:versionCode="1"
5    android:versionName="1.0" >
6
7    <uses-sdk
8        android:minSdkVersion="15"
8-->src\main\AndroidManifest.xml
9        android:targetSdkVersion="29" />
9-->src\main\AndroidManifest.xml
10
11    <uses-permission android:name="android.permission.INTERNET" />
11-->src\main\AndroidManifest.xml:5:5-67
11-->src\main\AndroidManifest.xml:5:22-64
12    <uses-permission android:name="android.permission.CAMERA" />
12-->src\main\AndroidManifest.xml:6:5-65
12-->src\main\AndroidManifest.xml:6:22-62
13    <uses-permission android:name="android.permission.READ_EXTERNAL_STORAGE" />
13-->src\main\AndroidManifest.xml:7:5-80
13-->src\main\AndroidManifest.xml:7:22-77
14    <uses-permission android:name="android.permission.WRITE_EXTERNAL_STORAGE" />
14-->src\main\AndroidManifest.xml:8:5-81
14-->src\main\AndroidManifest.xml:8:22-78
15
16    <application
16-->src\main\AndroidManifest.xml:10:5-39:19
17        android:allowBackup="true"
17-->src\main\AndroidManifest.xml:11:9-35
18        android:appComponentFactory="androidx.core.app.CoreComponentFactory"
18-->[androidx.core:core:1.0.1] AndroidManifest.xml:22:18-86
19        android:debuggable="true"
20        android:icon="@drawable/icon"
20-->src\main\AndroidManifest.xml:12:9-38
21        android:label="@string/app_name"
21-->src\main\AndroidManifest.xml:13:9-41
22        android:roundIcon="@mipmap/ic_launcher_round"
22-->src\main\AndroidManifest.xml:14:9-54
23        android:supportsRtl="true"
23-->src\main\AndroidManifest.xml:15:9-35
24        android:testOnly="true"
25        android:theme="@style/AppTheme"
25-->src\main\AndroidManifest.xml:16:9-40
26        android:usesCleartextTraffic="true" >
26-->src\main\AndroidManifest.xml:17:9-44
27        <activity android:name="com.example.dailyhappiness.MyReviewActivity" />
27-->src\main\AndroidManifest.xml:18:9-63
27-->src\main\AndroidManifest.xml:18:19-51
28        <activity android:name="com.example.dailyhappiness.WriteReviewActivity" />
28-->src\main\AndroidManifest.xml:19:9-57
28-->src\main\AndroidManifest.xml:19:19-54
29        <activity android:name="com.example.dailyhappiness.SplashActivity" >
29-->src\main\AndroidManifest.xml:20:9-26:20
29-->src\main\AndroidManifest.xml:20:19-49
30            <intent-filter>
30-->src\main\AndroidManifest.xml:21:13-25:29
31                <action android:name="android.intent.action.MAIN" />
31-->src\main\AndroidManifest.xml:22:17-69
31-->src\main\AndroidManifest.xml:22:25-66
32
33                <category android:name="android.intent.category.LAUNCHER" />
33-->src\main\AndroidManifest.xml:24:17-77
33-->src\main\AndroidManifest.xml:24:27-74
34            </intent-filter>
35        </activity>
36        <activity android:name="com.example.dailyhappiness.LoginActivity" />
36-->src\main\AndroidManifest.xml:27:9-51
36-->src\main\AndroidManifest.xml:27:19-48
37        <activity android:name="com.example.dailyhappiness.MainActivity" />
37-->src\main\AndroidManifest.xml:28:9-50
37-->src\main\AndroidManifest.xml:28:19-47
38        <activity android:name="com.example.dailyhappiness.CreateAccountActivity" /> <!-- 사진 촬영을 위한 provide -->
38-->src\main\AndroidManifest.xml:29:9-59
38-->src\main\AndroidManifest.xml:29:19-56
39        <provider
39-->src\main\AndroidManifest.xml:30:9-38:20
40            android:name="androidx.core.content.FileProvider"
40-->src\main\AndroidManifest.xml:31:13-62
41            android:authorities="{com.example.dailyhappiness}.provider"
41-->src\main\AndroidManifest.xml:32:13-72
42            android:exported="false"
42-->src\main\AndroidManifest.xml:33:13-37
43            android:grantUriPermissions="true" >
43-->src\main\AndroidManifest.xml:34:13-47
44            <meta-data
44-->src\main\AndroidManifest.xml:35:13-37:58
45                android:name="android.support.FILE_PROVIDER_PATHS"
45-->src\main\AndroidManifest.xml:36:17-67
46                android:resource="@xml/provider_paths" />
46-->src\main\AndroidManifest.xml:37:17-55
47        </provider>
48
49        <activity
49-->[gun0912.ted:tedpermission:2.1.0] AndroidManifest.xml:10:9-14:67
50            android:name="com.gun0912.tedpermission.TedPermissionActivity"
50-->[gun0912.ted:tedpermission:2.1.0] AndroidManifest.xml:11:13-75
51            android:configChanges="mcc|mnc|locale|keyboard|keyboardHidden|screenLayout|fontScale|uiMode|orientation|screenSize|layoutDirection"
51-->[gun0912.ted:tedpermission:2.1.0] AndroidManifest.xml:12:13-144
52            android:screenOrientation="portrait"
52-->[gun0912.ted:tedpermission:2.1.0] AndroidManifest.xml:13:13-49
53            android:theme="@style/Theme.Transparent.Permission" />
53-->[gun0912.ted:tedpermission:2.1.0] AndroidManifest.xml:14:13-64
54    </application>
55
56</manifest>